<?xml version="1.0" encoding="UTF-8"?>
<!-- Generated by org.testng.reporters.JUnitReportReporter -->
<testsuite skipped="0" hostname="DESKTOP-7SSTRAO" name="com.test.DemoTest" tests="1" failures="0" timestamp="01 Oct 2022 13:03:06 GMT" time="0.316" errors="0">
  <testcase name="test01" time="0.316" classname="com.test.DemoTest"/>
</testsuite> <!-- com.test.DemoTest -->
